The system is: Linux - 5.4.0-80-generic - x86_64
Compiling the CXX compiler identification source file "CMakeCXXCompilerId.cpp" succeeded.
Compiler: /glob/development-tools/versions/oneapi/2023.2.0.1/oneapi/compiler/2023.2.1/linux/bin/icpx 
Build flags: 
Id flags:  

The output was:
0


Compilation of the CXX compiler identification source "CMakeCXXCompilerId.cpp" produced "a.out"

The CXX compiler identification is Clang, found in "/home/u192003/oneAPI-samples/DirectProgramming/C++SYCL/DenseLinearAlgebra/accelerator/accelerator_stratix/build/CMakeFiles/3.16.3/CompilerIdCXX/a.out"

Determining if the CXX compiler works passed with the following output:
Change Dir: /home/u192003/oneAPI-samples/DirectProgramming/C++SYCL/DenseLinearAlgebra/accelerator/accelerator_stratix/build/CMakeFiles/CMakeTmp

Run Build Command(s):/usr/bin/make cmTC_3c2a1/fast && /usr/bin/make -f CMakeFiles/cmTC_3c2a1.dir/build.make CMakeFiles/cmTC_3c2a1.dir/build
make[1]: Entering directory '/home/u192003/oneAPI-samples/DirectProgramming/C++SYCL/DenseLinearAlgebra/accelerator/accelerator_stratix/build/CMakeFiles/CMakeTmp'
Building CXX object CMakeFiles/cmTC_3c2a1.dir/testCXXCompiler.cxx.o
/glob/development-tools/versions/oneapi/2023.2.0.1/oneapi/compiler/2023.2.1/linux/bin/icpx     -o CMakeFiles/cmTC_3c2a1.dir/testCXXCompiler.cxx.o -c /home/u192003/oneAPI-samples/DirectProgramming/C++SYCL/DenseLinearAlgebra/accelerator/accelerator_stratix/build/CMakeFiles/CMakeTmp/testCXXCompiler.cxx
Linking CXX executable cmTC_3c2a1
/usr/bin/cmake -E cmake_link_script CMakeFiles/cmTC_3c2a1.dir/link.txt --verbose=1
/glob/development-tools/versions/oneapi/2023.2.0.1/oneapi/compiler/2023.2.1/linux/bin/icpx       CMakeFiles/cmTC_3c2a1.dir/testCXXCompiler.cxx.o  -o cmTC_3c2a1 
make[1]: Leaving directory '/home/u192003/oneAPI-samples/DirectProgramming/C++SYCL/DenseLinearAlgebra/accelerator/accelerator_stratix/build/CMakeFiles/CMakeTmp'



Detecting CXX compiler ABI info compiled with the following output:
Change Dir: /home/u192003/oneAPI-samples/DirectProgramming/C++SYCL/DenseLinearAlgebra/accelerator/accelerator_stratix/build/CMakeFiles/CMakeTmp

Run Build Command(s):/usr/bin/make cmTC_4a26e/fast && /usr/bin/make -f CMakeFiles/cmTC_4a26e.dir/build.make CMakeFiles/cmTC_4a26e.dir/build
make[1]: Entering directory '/home/u192003/oneAPI-samples/DirectProgramming/C++SYCL/DenseLinearAlgebra/accelerator/accelerator_stratix/build/CMakeFiles/CMakeTmp'
Building CXX object CMakeFiles/cmTC_4a26e.dir/CMakeCXXCompilerABI.cpp.o
/glob/development-tools/versions/oneapi/2023.2.0.1/oneapi/compiler/2023.2.1/linux/bin/icpx    -v -o CMakeFiles/cmTC_4a26e.dir/CMakeCXXCompilerABI.cpp.o -c /usr/share/cmake-3.16/Modules/CMakeCXXCompilerABI.cpp
Intel(R) oneAPI DPC++/C++ Compiler 2023.2.0 (2023.2.0.20230721)
Target: x86_64-unknown-linux-gnu
Thread model: posix
InstalledDir: /glob/development-tools/versions/oneapi/2023.2.0.1/oneapi/compiler/2023.2.1/linux/bin-llvm
Configuration file: /glob/development-tools/versions/oneapi/2023.2.0.1/oneapi/compiler/2023.2.1/linux/bin-llvm/../bin/icpx.cfg
Found candidate GCC installation: /usr/lib/gcc/x86_64-linux-gnu/9
Selected GCC installation: /usr/lib/gcc/x86_64-linux-gnu/9
Candidate multilib: .;@m64
Selected multilib: .;@m64
 (in-process)
 "/glob/development-tools/versions/oneapi/2023.2.0.1/oneapi/compiler/2023.2.1/linux/bin-llvm/clang" -cc1 -triple x86_64-unknown-linux-gnu -emit-obj -disable-free -clear-ast-before-backend -disable-llvm-verifier -discard-value-names -main-file-name CMakeCXXCompilerABI.cpp -mrelocation-model static -fveclib=SVML -mframe-pointer=none -menable-no-infs -menable-no-nans -fapprox-func -funsafe-math-optimizations -fno-signed-zeros -mreassociate -freciprocal-math -fdenormal-fp-math=preserve-sign,preserve-sign -ffp-contract=fast -fno-rounding-math -ffast-math -ffinite-math-only -mconstructor-aliases -funwind-tables=2 -target-cpu x86-64 -mllvm -x86-enable-unaligned-vector-move=true -tune-cpu generic -debugger-tuning=gdb -v -fcoverage-compilation-dir=/home/u192003/oneAPI-samples/DirectProgramming/C++SYCL/DenseLinearAlgebra/accelerator/accelerator_stratix/build/CMakeFiles/CMakeTmp -resource-dir /glob/development-tools/versions/oneapi/2023.2.0.1/oneapi/compiler/2023.2.1/linux/lib/clang/17 -I/glob/development-tools/versions/oneapi/2023.2.0.1/oneapi/tbb/2021.10.0/env/../include -I/glob/development-tools/versions/oneapi/2023.2.0.1/oneapi/mpi/2021.10.0//include -I/glob/development-tools/versions/oneapi/2023.2.0.1/oneapi/mkl/2023.2.0/include -I/glob/development-tools/versions/oneapi/2023.2.0.1/oneapi/ipp/2021.9.0/include -I/glob/development-tools/versions/oneapi/2023.2.0.1/oneapi/ippcp/2021.8.0/include -I/glob/development-tools/versions/oneapi/2023.2.0.1/oneapi/ipp/2021.9.0/include -I/glob/development-tools/versions/oneapi/2023.2.0.1/oneapi/dpl/2022.2.0/linux/include -I/glob/development-tools/versions/oneapi/2023.2.0.1/oneapi/dpcpp-ct/2023.2.0/include -I/glob/development-tools/versions/oneapi/2023.2.0.1/oneapi/dnnl/2023.2.0/cpu_dpcpp_gpu_dpcpp/include -I/glob/development-tools/versions/oneapi/2023.2.0.1/oneapi/dev-utilities/2021.10.0/include -I/glob/development-tools/versions/oneapi/2023.2.0.1/oneapi/dal/2023.2.0/include -I/glob/development-tools/versions/oneapi/2023.2.0.1/oneapi/compiler/2023.2.1/linux/lib/oclfpga/include -I/glob/development-tools/versions/oneapi/2023.2.0.1/oneapi/ccl/2021.10.0/include/cpu_gpu_dpcpp -internal-isystem /glob/development-tools/versions/oneapi/2023.2.0.1/oneapi/compiler/2023.2.1/linux/bin-llvm/../compiler/include -internal-isystem /usr/lib/gcc/x86_64-linux-gnu/9/../../../../include/c++/9 -internal-isystem /usr/lib/gcc/x86_64-linux-gnu/9/../../../../include/x86_64-linux-gnu/c++/9 -internal-isystem /usr/lib/gcc/x86_64-linux-gnu/9/../../../../include/c++/9/backward -internal-isystem /glob/development-tools/versions/oneapi/2023.2.0.1/oneapi/compiler/2023.2.1/linux/lib/clang/17/include -internal-isystem /usr/local/include -internal-isystem /usr/lib/gcc/x86_64-linux-gnu/9/../../../../x86_64-linux-gnu/include -internal-externc-isystem /usr/include/x86_64-linux-gnu -internal-externc-isystem /include -internal-externc-isystem /usr/include -O2 -fdeprecated-macro -fdebug-compilation-dir=/home/u192003/oneAPI-samples/DirectProgramming/C++SYCL/DenseLinearAlgebra/accelerator/accelerator_stratix/build/CMakeFiles/CMakeTmp -ferror-limit 19 -fheinous-gnu-extensions -fgnuc-version=4.2.1 -fcxx-exceptions -fexceptions -vectorize-loops -vectorize-slp -D__GCC_HAVE_DWARF2_CFI_ASM=1 -fintel-compatibility -fintel-libirc-allowed -mllvm -disable-hir-generate-mkl-call -mllvm -loopopt=1 -floopopt-pipeline=light -mllvm -intel-abi-compatible=true -o CMakeFiles/cmTC_4a26e.dir/CMakeCXXCompilerABI.cpp.o -x c++ /usr/share/cmake-3.16/Modules/CMakeCXXCompilerABI.cpp
clang -cc1 version 17.0.0 based upon LLVM 17.0.0git default target x86_64-unknown-linux-gnu
ignoring nonexistent directory "/usr/lib/gcc/x86_64-linux-gnu/9/../../../../x86_64-linux-gnu/include"
ignoring nonexistent directory "/include"
ignoring duplicate directory "/glob/development-tools/versions/oneapi/2023.2.0.1/oneapi/ipp/2021.9.0/include"
#include "..." search starts here:
#include <...> search starts here:
 /glob/development-tools/versions/oneapi/2023.2.0.1/oneapi/tbb/2021.10.0/env/../include
 /glob/development-tools/versions/oneapi/2023.2.0.1/oneapi/mpi/2021.10.0//include
 /glob/development-tools/versions/oneapi/2023.2.0.1/oneapi/mkl/2023.2.0/include
 /glob/development-tools/versions/oneapi/2023.2.0.1/oneapi/ipp/2021.9.0/include
 /glob/development-tools/versions/oneapi/2023.2.0.1/oneapi/ippcp/2021.8.0/include
 /glob/development-tools/versions/oneapi/2023.2.0.1/oneapi/dpl/2022.2.0/linux/include
 /glob/development-tools/versions/oneapi/2023.2.0.1/oneapi/dpcpp-ct/2023.2.0/include
 /glob/development-tools/versions/oneapi/2023.2.0.1/oneapi/dnnl/2023.2.0/cpu_dpcpp_gpu_dpcpp/include
 /glob/development-tools/versions/oneapi/2023.2.0.1/oneapi/dev-utilities/2021.10.0/include
 /glob/development-tools/versions/oneapi/2023.2.0.1/oneapi/dal/2023.2.0/include
 /glob/development-tools/versions/oneapi/2023.2.0.1/oneapi/compiler/2023.2.1/linux/lib/oclfpga/include
 /glob/development-tools/versions/oneapi/2023.2.0.1/oneapi/ccl/2021.10.0/include/cpu_gpu_dpcpp
 /glob/development-tools/versions/oneapi/2023.2.0.1/oneapi/compiler/2023.2.1/linux/bin-llvm/../compiler/include
 /usr/lib/gcc/x86_64-linux-gnu/9/../../../../include/c++/9
 /usr/lib/gcc/x86_64-linux-gnu/9/../../../../include/x86_64-linux-gnu/c++/9
 /usr/lib/gcc/x86_64-linux-gnu/9/../../../../include/c++/9/backward
 /glob/development-tools/versions/oneapi/2023.2.0.1/oneapi/compiler/2023.2.1/linux/lib/clang/17/include
 /usr/local/include
 /usr/include/x86_64-linux-gnu
 /usr/include
End of search list.
Linking CXX executable cmTC_4a26e
/usr/bin/cmake -E cmake_link_script CMakeFiles/cmTC_4a26e.dir/link.txt --verbose=1
/glob/development-tools/versions/oneapi/2023.2.0.1/oneapi/compiler/2023.2.1/linux/bin/icpx      -v CMakeFiles/cmTC_4a26e.dir/CMakeCXXCompilerABI.cpp.o  -o cmTC_4a26e 
Intel(R) oneAPI DPC++/C++ Compiler 2023.2.0 (2023.2.0.20230721)
Target: x86_64-unknown-linux-gnu
Thread model: posix
InstalledDir: /glob/development-tools/versions/oneapi/2023.2.0.1/oneapi/compiler/2023.2.1/linux/bin-llvm
Configuration file: /glob/development-tools/versions/oneapi/2023.2.0.1/oneapi/compiler/2023.2.1/linux/bin-llvm/../bin/icpx.cfg
Found candidate GCC installation: /usr/lib/gcc/x86_64-linux-gnu/9
Selected GCC installation: /usr/lib/gcc/x86_64-linux-gnu/9
Candidate multilib: .;@m64
Selected multilib: .;@m64
 "/usr/bin/ld" -z relro --hash-style=gnu --eh-frame-hdr -m elf_x86_64 -dynamic-linker /lib64/ld-linux-x86-64.so.2 -o cmTC_4a26e /lib/x86_64-linux-gnu/Scrt1.o /lib/x86_64-linux-gnu/crti.o /usr/lib/gcc/x86_64-linux-gnu/9/crtbeginS.o -L/glob/development-tools/versions/oneapi/2023.2.0.1/oneapi/compiler/2023.2.1/linux/compiler/lib/intel64_lin -L/glob/development-tools/versions/oneapi/2023.2.0.1/oneapi/compiler/2023.2.1/linux/bin-llvm/../lib -L/glob/development-tools/versions/oneapi/2023.2.0.1/oneapi/compiler/2023.2.1/linux/compiler/lib/intel64_lin -L/usr/lib/gcc/x86_64-linux-gnu/9 -L/usr/lib/gcc/x86_64-linux-gnu/9/../../../../lib64 -L/lib/x86_64-linux-gnu -L/lib/../lib64 -L/usr/lib/x86_64-linux-gnu -L/usr/lib/../lib64 -L/usr/lib/gcc/x86_64-linux-gnu/9/../../.. -L/glob/development-tools/versions/oneapi/2023.2.0.1/oneapi/compiler/2023.2.1/linux/bin-llvm/../lib -L/lib -L/usr/lib -L/glob/development-tools/versions/oneapi/2023.2.0.1/oneapi/tbb/2021.10.0/env/../lib/intel64/gcc4.8 -L/glob/development-tools/versions/oneapi/2023.2.0.1/oneapi/mpi/2021.10.0//libfabric/lib -L/glob/development-tools/versions/oneapi/2023.2.0.1/oneapi/mpi/2021.10.0//lib/release -L/glob/development-tools/versions/oneapi/2023.2.0.1/oneapi/mpi/2021.10.0//lib -L/glob/development-tools/versions/oneapi/2023.2.0.1/oneapi/mkl/2023.2.0/lib/intel64 -L/glob/development-tools/versions/oneapi/2023.2.0.1/oneapi/ipp/2021.9.0/lib/intel64 -L/glob/development-tools/versions/oneapi/2023.2.0.1/oneapi/ippcp/2021.8.0/lib/intel64 -L/glob/development-tools/versions/oneapi/2023.2.0.1/oneapi/ipp/2021.9.0/lib/intel64 -L/glob/development-tools/versions/oneapi/2023.2.0.1/oneapi/dnnl/2023.2.0/cpu_dpcpp_gpu_dpcpp/lib -L/glob/development-tools/versions/oneapi/2023.2.0.1/oneapi/dal/2023.2.0/lib/intel64 -L/glob/development-tools/versions/oneapi/2023.2.0.1/oneapi/compiler/2023.2.1/linux/compiler/lib/intel64_lin -L/glob/development-tools/versions/oneapi/2023.2.0.1/oneapi/compiler/2023.2.1/linux/lib -L/glob/development-tools/versions/oneapi/2023.2.0.1/oneapi/ccl/2021.10.0/lib/cpu_gpu_dpcpp CMakeFiles/cmTC_4a26e.dir/CMakeCXXCompilerABI.cpp.o -Bstatic -lsvml -Bdynamic -Bstatic -lirng -Bdynamic -lstdc++ -Bstatic -limf -Bdynamic -lm -lgcc_s -lgcc -Bstatic -lirc -Bdynamic -ldl -lgcc_s -lgcc -lc -lgcc_s -lgcc -Bstatic -lirc_s -Bdynamic /usr/lib/gcc/x86_64-linux-gnu/9/crtendS.o /lib/x86_64-linux-gnu/crtn.o
make[1]: Leaving directory '/home/u192003/oneAPI-samples/DirectProgramming/C++SYCL/DenseLinearAlgebra/accelerator/accelerator_stratix/build/CMakeFiles/CMakeTmp'



Parsed CXX implicit include dir info from above output: rv=done
  found start of include info
  found start of implicit include info
    add: [/glob/development-tools/versions/oneapi/2023.2.0.1/oneapi/tbb/2021.10.0/env/../include]
    add: [/glob/development-tools/versions/oneapi/2023.2.0.1/oneapi/mpi/2021.10.0//include]
    add: [/glob/development-tools/versions/oneapi/2023.2.0.1/oneapi/mkl/2023.2.0/include]
    add: [/glob/development-tools/versions/oneapi/2023.2.0.1/oneapi/ipp/2021.9.0/include]
    add: [/glob/development-tools/versions/oneapi/2023.2.0.1/oneapi/ippcp/2021.8.0/include]
    add: [/glob/development-tools/versions/oneapi/2023.2.0.1/oneapi/dpl/2022.2.0/linux/include]
    add: [/glob/development-tools/versions/oneapi/2023.2.0.1/oneapi/dpcpp-ct/2023.2.0/include]
    add: [/glob/development-tools/versions/oneapi/2023.2.0.1/oneapi/dnnl/2023.2.0/cpu_dpcpp_gpu_dpcpp/include]
    add: [/glob/development-tools/versions/oneapi/2023.2.0.1/oneapi/dev-utilities/2021.10.0/include]
    add: [/glob/development-tools/versions/oneapi/2023.2.0.1/oneapi/dal/2023.2.0/include]
    add: [/glob/development-tools/versions/oneapi/2023.2.0.1/oneapi/compiler/2023.2.1/linux/lib/oclfpga/include]
    add: [/glob/development-tools/versions/oneapi/2023.2.0.1/oneapi/ccl/2021.10.0/include/cpu_gpu_dpcpp]
    add: [/glob/development-tools/versions/oneapi/2023.2.0.1/oneapi/compiler/2023.2.1/linux/bin-llvm/../compiler/include]
    add: [/usr/lib/gcc/x86_64-linux-gnu/9/../../../../include/c++/9]
    add: [/usr/lib/gcc/x86_64-linux-gnu/9/../../../../include/x86_64-linux-gnu/c++/9]
    add: [/usr/lib/gcc/x86_64-linux-gnu/9/../../../../include/c++/9/backward]
    add: [/glob/development-tools/versions/oneapi/2023.2.0.1/oneapi/compiler/2023.2.1/linux/lib/clang/17/include]
    add: [/usr/local/include]
    add: [/usr/include/x86_64-linux-gnu]
    add: [/usr/include]
  end of search list found
  collapse include dir [/glob/development-tools/versions/oneapi/2023.2.0.1/oneapi/tbb/2021.10.0/env/../include] ==> [/glob/development-tools/versions/oneapi/2023.2.0.1/oneapi/tbb/2021.10.0/include]
  collapse include dir [/glob/development-tools/versions/oneapi/2023.2.0.1/oneapi/mpi/2021.10.0//include] ==> [/glob/development-tools/versions/oneapi/2023.2.0.1/oneapi/mpi/2021.10.0/include]
  collapse include dir [/glob/development-tools/versions/oneapi/2023.2.0.1/oneapi/mkl/2023.2.0/include] ==> [/glob/development-tools/versions/oneapi/2023.2.0.1/oneapi/mkl/2023.2.0/include]
  collapse include dir [/glob/development-tools/versions/oneapi/2023.2.0.1/oneapi/ipp/2021.9.0/include] ==> [/glob/development-tools/versions/oneapi/2023.2.0.1/oneapi/ipp/2021.9.0/include]
  collapse include dir [/glob/development-tools/versions/oneapi/2023.2.0.1/oneapi/ippcp/2021.8.0/include] ==> [/glob/development-tools/versions/oneapi/2023.2.0.1/oneapi/ippcp/2021.8.0/include]
  collapse include dir [/glob/development-tools/versions/oneapi/2023.2.0.1/oneapi/dpl/2022.2.0/linux/include] ==> [/glob/development-tools/versions/oneapi/2023.2.0.1/oneapi/dpl/2022.2.0/linux/include]
  collapse include dir [/glob/development-tools/versions/oneapi/2023.2.0.1/oneapi/dpcpp-ct/2023.2.0/include] ==> [/glob/development-tools/versions/oneapi/2023.2.0.1/oneapi/dpcpp-ct/2023.2.0/include]
  collapse include dir [/glob/development-tools/versions/oneapi/2023.2.0.1/oneapi/dnnl/2023.2.0/cpu_dpcpp_gpu_dpcpp/include] ==> [/glob/development-tools/versions/oneapi/2023.2.0.1/oneapi/dnnl/2023.2.0/cpu_dpcpp_gpu_dpcpp/include]
  collapse include dir [/glob/development-tools/versions/oneapi/2023.2.0.1/oneapi/dev-utilities/2021.10.0/include] ==> [/glob/development-tools/versions/oneapi/2023.2.0.1/oneapi/dev-utilities/2021.10.0/include]
  collapse include dir [/glob/development-tools/versions/oneapi/2023.2.0.1/oneapi/dal/2023.2.0/include] ==> [/glob/development-tools/versions/oneapi/2023.2.0.1/oneapi/dal/2023.2.0/include]
  collapse include dir [/glob/development-tools/versions/oneapi/2023.2.0.1/oneapi/compiler/2023.2.1/linux/lib/oclfpga/include] ==> [/glob/development-tools/versions/oneapi/2023.2.0.1/oneapi/compiler/2023.2.1/linux/lib/oclfpga/include]
  collapse include dir [/glob/development-tools/versions/oneapi/2023.2.0.1/oneapi/ccl/2021.10.0/include/cpu_gpu_dpcpp] ==> [/glob/development-tools/versions/oneapi/2023.2.0.1/oneapi/ccl/2021.10.0/include/cpu_gpu_dpcpp]
  collapse include dir [/glob/development-tools/versions/oneapi/2023.2.0.1/oneapi/compiler/2023.2.1/linux/bin-llvm/../compiler/include] ==> [/glob/development-tools/versions/oneapi/2023.2.0.1/oneapi/compiler/2023.2.1/linux/compiler/include]
  collapse include dir [/usr/lib/gcc/x86_64-linux-gnu/9/../../../../include/c++/9] ==> [/usr/include/c++/9]
  collapse include dir [/usr/lib/gcc/x86_64-linux-gnu/9/../../../../include/x86_64-linux-gnu/c++/9] ==> [/usr/include/x86_64-linux-gnu/c++/9]
  collapse include dir [/usr/lib/gcc/x86_64-linux-gnu/9/../../../../include/c++/9/backward] ==> [/usr/include/c++/9/backward]
  collapse include dir [/glob/development-tools/versions/oneapi/2023.2.0.1/oneapi/compiler/2023.2.1/linux/lib/clang/17/include] ==> [/glob/development-tools/versions/oneapi/2023.2.0.1/oneapi/compiler/2023.2.1/linux/lib/clang/17/include]
  collapse include dir [/usr/local/include] ==> [/usr/local/include]
  collapse include dir [/usr/include/x86_64-linux-gnu] ==> [/usr/include/x86_64-linux-gnu]
  collapse include dir [/usr/include] ==> [/usr/include]
  implicit include dirs: [/glob/development-tools/versions/oneapi/2023.2.0.1/oneapi/tbb/2021.10.0/include;/glob/development-tools/versions/oneapi/2023.2.0.1/oneapi/mpi/2021.10.0/include;/glob/development-tools/versions/oneapi/2023.2.0.1/oneapi/mkl/2023.2.0/include;/glob/development-tools/versions/oneapi/2023.2.0.1/oneapi/ipp/2021.9.0/include;/glob/development-tools/versions/oneapi/2023.2.0.1/oneapi/ippcp/2021.8.0/include;/glob/development-tools/versions/oneapi/2023.2.0.1/oneapi/dpl/2022.2.0/linux/include;/glob/development-tools/versions/oneapi/2023.2.0.1/oneapi/dpcpp-ct/2023.2.0/include;/glob/development-tools/versions/oneapi/2023.2.0.1/oneapi/dnnl/2023.2.0/cpu_dpcpp_gpu_dpcpp/include;/glob/development-tools/versions/oneapi/2023.2.0.1/oneapi/dev-utilities/2021.10.0/include;/glob/development-tools/versions/oneapi/2023.2.0.1/oneapi/dal/2023.2.0/include;/glob/development-tools/versions/oneapi/2023.2.0.1/oneapi/compiler/2023.2.1/linux/lib/oclfpga/include;/glob/development-tools/versions/oneapi/2023.2.0.1/oneapi/ccl/2021.10.0/include/cpu_gpu_dpcpp;/glob/development-tools/versions/oneapi/2023.2.0.1/oneapi/compiler/2023.2.1/linux/compiler/include;/usr/include/c++/9;/usr/include/x86_64-linux-gnu/c++/9;/usr/include/c++/9/backward;/glob/development-tools/versions/oneapi/2023.2.0.1/oneapi/compiler/2023.2.1/linux/lib/clang/17/include;/usr/local/include;/usr/include/x86_64-linux-gnu;/usr/include]


Parsed CXX implicit link information from above output:
  link line regex: [^( *|.*[/\])(ld|CMAKE_LINK_STARTFILE-NOTFOUND|([^/\]+-)?ld|collect2)[^/\]*( |$)]
  ignore line: [Change Dir: /home/u192003/oneAPI-samples/DirectProgramming/C++SYCL/DenseLinearAlgebra/accelerator/accelerator_stratix/build/CMakeFiles/CMakeTmp]
  ignore line: []
  ignore line: [Run Build Command(s):/usr/bin/make cmTC_4a26e/fast && /usr/bin/make -f CMakeFiles/cmTC_4a26e.dir/build.make CMakeFiles/cmTC_4a26e.dir/build]
  ignore line: [make[1]: Entering directory '/home/u192003/oneAPI-samples/DirectProgramming/C++SYCL/DenseLinearAlgebra/accelerator/accelerator_stratix/build/CMakeFiles/CMakeTmp']
  ignore line: [Building CXX object CMakeFiles/cmTC_4a26e.dir/CMakeCXXCompilerABI.cpp.o]
  ignore line: [/glob/development-tools/versions/oneapi/2023.2.0.1/oneapi/compiler/2023.2.1/linux/bin/icpx    -v -o CMakeFiles/cmTC_4a26e.dir/CMakeCXXCompilerABI.cpp.o -c /usr/share/cmake-3.16/Modules/CMakeCXXCompilerABI.cpp]
  ignore line: [Intel(R) oneAPI DPC++/C++ Compiler 2023.2.0 (2023.2.0.20230721)]
  ignore line: [Target: x86_64-unknown-linux-gnu]
  ignore line: [Thread model: posix]
  ignore line: [InstalledDir: /glob/development-tools/versions/oneapi/2023.2.0.1/oneapi/compiler/2023.2.1/linux/bin-llvm]
  ignore line: [Configuration file: /glob/development-tools/versions/oneapi/2023.2.0.1/oneapi/compiler/2023.2.1/linux/bin-llvm/../bin/icpx.cfg]
  ignore line: [Found candidate GCC installation: /usr/lib/gcc/x86_64-linux-gnu/9]
  ignore line: [Selected GCC installation: /usr/lib/gcc/x86_64-linux-gnu/9]
  ignore line: [Candidate multilib: .]
  ignore line: [@m64]
  ignore line: [Selected multilib: .]
  ignore line: [@m64]
  ignore line: [ (in-process)]
  ignore line: [ "/glob/development-tools/versions/oneapi/2023.2.0.1/oneapi/compiler/2023.2.1/linux/bin-llvm/clang" -cc1 -triple x86_64-unknown-linux-gnu -emit-obj -disable-free -clear-ast-before-backend -disable-llvm-verifier -discard-value-names -main-file-name CMakeCXXCompilerABI.cpp -mrelocation-model static -fveclib=SVML -mframe-pointer=none -menable-no-infs -menable-no-nans -fapprox-func -funsafe-math-optimizations -fno-signed-zeros -mreassociate -freciprocal-math -fdenormal-fp-math=preserve-sign preserve-sign -ffp-contract=fast -fno-rounding-math -ffast-math -ffinite-math-only -mconstructor-aliases -funwind-tables=2 -target-cpu x86-64 -mllvm -x86-enable-unaligned-vector-move=true -tune-cpu generic -debugger-tuning=gdb -v -fcoverage-compilation-dir=/home/u192003/oneAPI-samples/DirectProgramming/C++SYCL/DenseLinearAlgebra/accelerator/accelerator_stratix/build/CMakeFiles/CMakeTmp -resource-dir /glob/development-tools/versions/oneapi/2023.2.0.1/oneapi/compiler/2023.2.1/linux/lib/clang/17 -I/glob/development-tools/versions/oneapi/2023.2.0.1/oneapi/tbb/2021.10.0/env/../include -I/glob/development-tools/versions/oneapi/2023.2.0.1/oneapi/mpi/2021.10.0//include -I/glob/development-tools/versions/oneapi/2023.2.0.1/oneapi/mkl/2023.2.0/include -I/glob/development-tools/versions/oneapi/2023.2.0.1/oneapi/ipp/2021.9.0/include -I/glob/development-tools/versions/oneapi/2023.2.0.1/oneapi/ippcp/2021.8.0/include -I/glob/development-tools/versions/oneapi/2023.2.0.1/oneapi/ipp/2021.9.0/include -I/glob/development-tools/versions/oneapi/2023.2.0.1/oneapi/dpl/2022.2.0/linux/include -I/glob/development-tools/versions/oneapi/2023.2.0.1/oneapi/dpcpp-ct/2023.2.0/include -I/glob/development-tools/versions/oneapi/2023.2.0.1/oneapi/dnnl/2023.2.0/cpu_dpcpp_gpu_dpcpp/include -I/glob/development-tools/versions/oneapi/2023.2.0.1/oneapi/dev-utilities/2021.10.0/include -I/glob/development-tools/versions/oneapi/2023.2.0.1/oneapi/dal/2023.2.0/include -I/glob/development-tools/versions/oneapi/2023.2.0.1/oneapi/compiler/2023.2.1/linux/lib/oclfpga/include -I/glob/development-tools/versions/oneapi/2023.2.0.1/oneapi/ccl/2021.10.0/include/cpu_gpu_dpcpp -internal-isystem /glob/development-tools/versions/oneapi/2023.2.0.1/oneapi/compiler/2023.2.1/linux/bin-llvm/../compiler/include -internal-isystem /usr/lib/gcc/x86_64-linux-gnu/9/../../../../include/c++/9 -internal-isystem /usr/lib/gcc/x86_64-linux-gnu/9/../../../../include/x86_64-linux-gnu/c++/9 -internal-isystem /usr/lib/gcc/x86_64-linux-gnu/9/../../../../include/c++/9/backward -internal-isystem /glob/development-tools/versions/oneapi/2023.2.0.1/oneapi/compiler/2023.2.1/linux/lib/clang/17/include -internal-isystem /usr/local/include -internal-isystem /usr/lib/gcc/x86_64-linux-gnu/9/../../../../x86_64-linux-gnu/include -internal-externc-isystem /usr/include/x86_64-linux-gnu -internal-externc-isystem /include -internal-externc-isystem /usr/include -O2 -fdeprecated-macro -fdebug-compilation-dir=/home/u192003/oneAPI-samples/DirectProgramming/C++SYCL/DenseLinearAlgebra/accelerator/accelerator_stratix/build/CMakeFiles/CMakeTmp -ferror-limit 19 -fheinous-gnu-extensions -fgnuc-version=4.2.1 -fcxx-exceptions -fexceptions -vectorize-loops -vectorize-slp -D__GCC_HAVE_DWARF2_CFI_ASM=1 -fintel-compatibility -fintel-libirc-allowed -mllvm -disable-hir-generate-mkl-call -mllvm -loopopt=1 -floopopt-pipeline=light -mllvm -intel-abi-compatible=true -o CMakeFiles/cmTC_4a26e.dir/CMakeCXXCompilerABI.cpp.o -x c++ /usr/share/cmake-3.16/Modules/CMakeCXXCompilerABI.cpp]
  ignore line: [clang -cc1 version 17.0.0 based upon LLVM 17.0.0git default target x86_64-unknown-linux-gnu]
  ignore line: [ignoring nonexistent directory "/usr/lib/gcc/x86_64-linux-gnu/9/../../../../x86_64-linux-gnu/include"]
  ignore line: [ignoring nonexistent directory "/include"]
  ignore line: [ignoring duplicate directory "/glob/development-tools/versions/oneapi/2023.2.0.1/oneapi/ipp/2021.9.0/include"]
  ignore line: [#include "..." search starts here:]
  ignore line: [#include <...> search starts here:]
  ignore line: [ /glob/development-tools/versions/oneapi/2023.2.0.1/oneapi/tbb/2021.10.0/env/../include]
  ignore line: [ /glob/development-tools/versions/oneapi/2023.2.0.1/oneapi/mpi/2021.10.0//include]
  ignore line: [ /glob/development-tools/versions/oneapi/2023.2.0.1/oneapi/mkl/2023.2.0/include]
  ignore line: [ /glob/development-tools/versions/oneapi/2023.2.0.1/oneapi/ipp/2021.9.0/include]
  ignore line: [ /glob/development-tools/versions/oneapi/2023.2.0.1/oneapi/ippcp/2021.8.0/include]
  ignore line: [ /glob/development-tools/versions/oneapi/2023.2.0.1/oneapi/dpl/2022.2.0/linux/include]
  ignore line: [ /glob/development-tools/versions/oneapi/2023.2.0.1/oneapi/dpcpp-ct/2023.2.0/include]
  ignore line: [ /glob/development-tools/versions/oneapi/2023.2.0.1/oneapi/dnnl/2023.2.0/cpu_dpcpp_gpu_dpcpp/include]
  ignore line: [ /glob/development-tools/versions/oneapi/2023.2.0.1/oneapi/dev-utilities/2021.10.0/include]
  ignore line: [ /glob/development-tools/versions/oneapi/2023.2.0.1/oneapi/dal/2023.2.0/include]
  ignore line: [ /glob/development-tools/versions/oneapi/2023.2.0.1/oneapi/compiler/2023.2.1/linux/lib/oclfpga/include]
  ignore line: [ /glob/development-tools/versions/oneapi/2023.2.0.1/oneapi/ccl/2021.10.0/include/cpu_gpu_dpcpp]
  ignore line: [ /glob/development-tools/versions/oneapi/2023.2.0.1/oneapi/compiler/2023.2.1/linux/bin-llvm/../compiler/include]
  ignore line: [ /usr/lib/gcc/x86_64-linux-gnu/9/../../../../include/c++/9]
  ignore line: [ /usr/lib/gcc/x86_64-linux-gnu/9/../../../../include/x86_64-linux-gnu/c++/9]
  ignore line: [ /usr/lib/gcc/x86_64-linux-gnu/9/../../../../include/c++/9/backward]
  ignore line: [ /glob/development-tools/versions/oneapi/2023.2.0.1/oneapi/compiler/2023.2.1/linux/lib/clang/17/include]
  ignore line: [ /usr/local/include]
  ignore line: [ /usr/include/x86_64-linux-gnu]
  ignore line: [ /usr/include]
  ignore line: [End of search list.]
  ignore line: [Linking CXX executable cmTC_4a26e]
  ignore line: [/usr/bin/cmake -E cmake_link_script CMakeFiles/cmTC_4a26e.dir/link.txt --verbose=1]
  ignore line: [/glob/development-tools/versions/oneapi/2023.2.0.1/oneapi/compiler/2023.2.1/linux/bin/icpx      -v CMakeFiles/cmTC_4a26e.dir/CMakeCXXCompilerABI.cpp.o  -o cmTC_4a26e ]
  ignore line: [Intel(R) oneAPI DPC++/C++ Compiler 2023.2.0 (2023.2.0.20230721)]
  ignore line: [Target: x86_64-unknown-linux-gnu]
  ignore line: [Thread model: posix]
  ignore line: [InstalledDir: /glob/development-tools/versions/oneapi/2023.2.0.1/oneapi/compiler/2023.2.1/linux/bin-llvm]
  ignore line: [Configuration file: /glob/development-tools/versions/oneapi/2023.2.0.1/oneapi/compiler/2023.2.1/linux/bin-llvm/../bin/icpx.cfg]
  ignore line: [Found candidate GCC installation: /usr/lib/gcc/x86_64-linux-gnu/9]
  ignore line: [Selected GCC installation: /usr/lib/gcc/x86_64-linux-gnu/9]
  ignore line: [Candidate multilib: .]
  ignore line: [@m64]
  ignore line: [Selected multilib: .]
  ignore line: [@m64]
  link line: [ "/usr/bin/ld" -z relro --hash-style=gnu --eh-frame-hdr -m elf_x86_64 -dynamic-linker /lib64/ld-linux-x86-64.so.2 -o cmTC_4a26e /lib/x86_64-linux-gnu/Scrt1.o /lib/x86_64-linux-gnu/crti.o /usr/lib/gcc/x86_64-linux-gnu/9/crtbeginS.o -L/glob/development-tools/versions/oneapi/2023.2.0.1/oneapi/compiler/2023.2.1/linux/compiler/lib/intel64_lin -L/glob/development-tools/versions/oneapi/2023.2.0.1/oneapi/compiler/2023.2.1/linux/bin-llvm/../lib -L/glob/development-tools/versions/oneapi/2023.2.0.1/oneapi/compiler/2023.2.1/linux/compiler/lib/intel64_lin -L/usr/lib/gcc/x86_64-linux-gnu/9 -L/usr/lib/gcc/x86_64-linux-gnu/9/../../../../lib64 -L/lib/x86_64-linux-gnu -L/lib/../lib64 -L/usr/lib/x86_64-linux-gnu -L/usr/lib/../lib64 -L/usr/lib/gcc/x86_64-linux-gnu/9/../../.. -L/glob/development-tools/versions/oneapi/2023.2.0.1/oneapi/compiler/2023.2.1/linux/bin-llvm/../lib -L/lib -L/usr/lib -L/glob/development-tools/versions/oneapi/2023.2.0.1/oneapi/tbb/2021.10.0/env/../lib/intel64/gcc4.8 -L/glob/development-tools/versions/oneapi/2023.2.0.1/oneapi/mpi/2021.10.0//libfabric/lib -L/glob/development-tools/versions/oneapi/2023.2.0.1/oneapi/mpi/2021.10.0//lib/release -L/glob/development-tools/versions/oneapi/2023.2.0.1/oneapi/mpi/2021.10.0//lib -L/glob/development-tools/versions/oneapi/2023.2.0.1/oneapi/mkl/2023.2.0/lib/intel64 -L/glob/development-tools/versions/oneapi/2023.2.0.1/oneapi/ipp/2021.9.0/lib/intel64 -L/glob/development-tools/versions/oneapi/2023.2.0.1/oneapi/ippcp/2021.8.0/lib/intel64 -L/glob/development-tools/versions/oneapi/2023.2.0.1/oneapi/ipp/2021.9.0/lib/intel64 -L/glob/development-tools/versions/oneapi/2023.2.0.1/oneapi/dnnl/2023.2.0/cpu_dpcpp_gpu_dpcpp/lib -L/glob/development-tools/versions/oneapi/2023.2.0.1/oneapi/dal/2023.2.0/lib/intel64 -L/glob/development-tools/versions/oneapi/2023.2.0.1/oneapi/compiler/2023.2.1/linux/compiler/lib/intel64_lin -L/glob/development-tools/versions/oneapi/2023.2.0.1/oneapi/compiler/2023.2.1/linux/lib -L/glob/development-tools/versions/oneapi/2023.2.0.1/oneapi/ccl/2021.10.0/lib/cpu_gpu_dpcpp CMakeFiles/cmTC_4a26e.dir/CMakeCXXCompilerABI.cpp.o -Bstatic -lsvml -Bdynamic -Bstatic -lirng -Bdynamic -lstdc++ -Bstatic -limf -Bdynamic -lm -lgcc_s -lgcc -Bstatic -lirc -Bdynamic -ldl -lgcc_s -lgcc -lc -lgcc_s -lgcc -Bstatic -lirc_s -Bdynamic /usr/lib/gcc/x86_64-linux-gnu/9/crtendS.o /lib/x86_64-linux-gnu/crtn.o]
    arg [/usr/bin/ld] ==> ignore
    arg [-zrelro] ==> ignore
    arg [--hash-style=gnu] ==> ignore
    arg [--eh-frame-hdr] ==> ignore
    arg [-m] ==> ignore
    arg [elf_x86_64] ==> ignore
    arg [-dynamic-linker] ==> ignore
    arg [/lib64/ld-linux-x86-64.so.2] ==> ignore
    arg [-o] ==> ignore
    arg [cmTC_4a26e] ==> ignore
    arg [/lib/x86_64-linux-gnu/Scrt1.o] ==> ignore
    arg [/lib/x86_64-linux-gnu/crti.o] ==> ignore
    arg [/usr/lib/gcc/x86_64-linux-gnu/9/crtbeginS.o] ==> ignore
    arg [-L/glob/development-tools/versions/oneapi/2023.2.0.1/oneapi/compiler/2023.2.1/linux/compiler/lib/intel64_lin] ==> dir [/glob/development-tools/versions/oneapi/2023.2.0.1/oneapi/compiler/2023.2.1/linux/compiler/lib/intel64_lin]
    arg [-L/glob/development-tools/versions/oneapi/2023.2.0.1/oneapi/compiler/2023.2.1/linux/bin-llvm/../lib] ==> dir [/glob/development-tools/versions/oneapi/2023.2.0.1/oneapi/compiler/2023.2.1/linux/bin-llvm/../lib]
    arg [-L/glob/development-tools/versions/oneapi/2023.2.0.1/oneapi/compiler/2023.2.1/linux/compiler/lib/intel64_lin] ==> dir [/glob/development-tools/versions/oneapi/2023.2.0.1/oneapi/compiler/2023.2.1/linux/compiler/lib/intel64_lin]
    arg [-L/usr/lib/gcc/x86_64-linux-gnu/9] ==> dir [/usr/lib/gcc/x86_64-linux-gnu/9]
    arg [-L/usr/lib/gcc/x86_64-linux-gnu/9/../../../../lib64] ==> dir [/usr/lib/gcc/x86_64-linux-gnu/9/../../../../lib64]
    arg [-L/lib/x86_64-linux-gnu] ==> dir [/lib/x86_64-linux-gnu]
    arg [-L/lib/../lib64] ==> dir [/lib/../lib64]
    arg [-L/usr/lib/x86_64-linux-gnu] ==> dir [/usr/lib/x86_64-linux-gnu]
    arg [-L/usr/lib/../lib64] ==> dir [/usr/lib/../lib64]
    arg [-L/usr/lib/gcc/x86_64-linux-gnu/9/../../..] ==> dir [/usr/lib/gcc/x86_64-linux-gnu/9/../../..]
    arg [-L/glob/development-tools/versions/oneapi/2023.2.0.1/oneapi/compiler/2023.2.1/linux/bin-llvm/../lib] ==> dir [/glob/development-tools/versions/oneapi/2023.2.0.1/oneapi/compiler/2023.2.1/linux/bin-llvm/../lib]
    arg [-L/lib] ==> dir [/lib]
    arg [-L/usr/lib] ==> dir [/usr/lib]
    arg [-L/glob/development-tools/versions/oneapi/2023.2.0.1/oneapi/tbb/2021.10.0/env/../lib/intel64/gcc4.8] ==> dir [/glob/development-tools/versions/oneapi/2023.2.0.1/oneapi/tbb/2021.10.0/env/../lib/intel64/gcc4.8]
    arg [-L/glob/development-tools/versions/oneapi/2023.2.0.1/oneapi/mpi/2021.10.0//libfabric/lib] ==> dir [/glob/development-tools/versions/oneapi/2023.2.0.1/oneapi/mpi/2021.10.0//libfabric/lib]
    arg [-L/glob/development-tools/versions/oneapi/2023.2.0.1/oneapi/mpi/2021.10.0//lib/release] ==> dir [/glob/development-tools/versions/oneapi/2023.2.0.1/oneapi/mpi/2021.10.0//lib/release]
    arg [-L/glob/development-tools/versions/oneapi/2023.2.0.1/oneapi/mpi/2021.10.0//lib] ==> dir [/glob/development-tools/versions/oneapi/2023.2.0.1/oneapi/mpi/2021.10.0//lib]
    arg [-L/glob/development-tools/versions/oneapi/2023.2.0.1/oneapi/mkl/2023.2.0/lib/intel64] ==> dir [/glob/development-tools/versions/oneapi/2023.2.0.1/oneapi/mkl/2023.2.0/lib/intel64]
    arg [-L/glob/development-tools/versions/oneapi/2023.2.0.1/oneapi/ipp/2021.9.0/lib/intel64] ==> dir [/glob/development-tools/versions/oneapi/2023.2.0.1/oneapi/ipp/2021.9.0/lib/intel64]
    arg [-L/glob/development-tools/versions/oneapi/2023.2.0.1/oneapi/ippcp/2021.8.0/lib/intel64] ==> dir [/glob/development-tools/versions/oneapi/2023.2.0.1/oneapi/ippcp/2021.8.0/lib/intel64]
    arg [-L/glob/development-tools/versions/oneapi/2023.2.0.1/oneapi/ipp/2021.9.0/lib/intel64] ==> dir [/glob/development-tools/versions/oneapi/2023.2.0.1/oneapi/ipp/2021.9.0/lib/intel64]
    arg [-L/glob/development-tools/versions/oneapi/2023.2.0.1/oneapi/dnnl/2023.2.0/cpu_dpcpp_gpu_dpcpp/lib] ==> dir [/glob/development-tools/versions/oneapi/2023.2.0.1/oneapi/dnnl/2023.2.0/cpu_dpcpp_gpu_dpcpp/lib]
    arg [-L/glob/development-tools/versions/oneapi/2023.2.0.1/oneapi/dal/2023.2.0/lib/intel64] ==> dir [/glob/development-tools/versions/oneapi/2023.2.0.1/oneapi/dal/2023.2.0/lib/intel64]
    arg [-L/glob/development-tools/versions/oneapi/2023.2.0.1/oneapi/compiler/2023.2.1/linux/compiler/lib/intel64_lin] ==> dir [/glob/development-tools/versions/oneapi/2023.2.0.1/oneapi/compiler/2023.2.1/linux/compiler/lib/intel64_lin]
    arg [-L/glob/development-tools/versions/oneapi/2023.2.0.1/oneapi/compiler/2023.2.1/linux/lib] ==> dir [/glob/development-tools/versions/oneapi/2023.2.0.1/oneapi/compiler/2023.2.1/linux/lib]
    arg [-L/glob/development-tools/versions/oneapi/2023.2.0.1/oneapi/ccl/2021.10.0/lib/cpu_gpu_dpcpp] ==> dir [/glob/development-tools/versions/oneapi/2023.2.0.1/oneapi/ccl/2021.10.0/lib/cpu_gpu_dpcpp]
    arg [CMakeFiles/cmTC_4a26e.dir/CMakeCXXCompilerABI.cpp.o] ==> ignore
    arg [-Bstatic] ==> ignore
    arg [-lsvml] ==> lib [svml]
    arg [-Bdynamic] ==> ignore
    arg [-Bstatic] ==> ignore
    arg [-lirng] ==> lib [irng]
    arg [-Bdynamic] ==> ignore
    arg [-lstdc++] ==> lib [stdc++]
    arg [-Bstatic] ==> ignore
    arg [-limf] ==> lib [imf]
    arg [-Bdynamic] ==> ignore
    arg [-lm] ==> lib [m]
    arg [-lgcc_s] ==> lib [gcc_s]
    arg [-lgcc] ==> lib [gcc]
    arg [-Bstatic] ==> ignore
    arg [-lirc] ==> lib [irc]
    arg [-Bdynamic] ==> ignore
    arg [-ldl] ==> lib [dl]
    arg [-lgcc_s] ==> lib [gcc_s]
    arg [-lgcc] ==> lib [gcc]
    arg [-lc] ==> lib [c]
    arg [-lgcc_s] ==> lib [gcc_s]
    arg [-lgcc] ==> lib [gcc]
    arg [-Bstatic] ==> ignore
    arg [-lirc_s] ==> lib [irc_s]
    arg [-Bdynamic] ==> ignore
    arg [/usr/lib/gcc/x86_64-linux-gnu/9/crtendS.o] ==> ignore
    arg [/lib/x86_64-linux-gnu/crtn.o] ==> ignore
  collapse library dir [/glob/development-tools/versions/oneapi/2023.2.0.1/oneapi/compiler/2023.2.1/linux/compiler/lib/intel64_lin] ==> [/glob/development-tools/versions/oneapi/2023.2.0.1/oneapi/compiler/2023.2.1/linux/compiler/lib/intel64_lin]
  collapse library dir [/glob/development-tools/versions/oneapi/2023.2.0.1/oneapi/compiler/2023.2.1/linux/bin-llvm/../lib] ==> [/glob/development-tools/versions/oneapi/2023.2.0.1/oneapi/compiler/2023.2.1/linux/lib]
  collapse library dir [/glob/development-tools/versions/oneapi/2023.2.0.1/oneapi/compiler/2023.2.1/linux/compiler/lib/intel64_lin] ==> [/glob/development-tools/versions/oneapi/2023.2.0.1/oneapi/compiler/2023.2.1/linux/compiler/lib/intel64_lin]
  collapse library dir [/usr/lib/gcc/x86_64-linux-gnu/9] ==> [/usr/lib/gcc/x86_64-linux-gnu/9]
  collapse library dir [/usr/lib/gcc/x86_64-linux-gnu/9/../../../../lib64] ==> [/usr/lib64]
  collapse library dir [/lib/x86_64-linux-gnu] ==> [/lib/x86_64-linux-gnu]
  collapse library dir [/lib/../lib64] ==> [/lib64]
  collapse library dir [/usr/lib/x86_64-linux-gnu] ==> [/usr/lib/x86_64-linux-gnu]
  collapse library dir [/usr/lib/../lib64] ==> [/usr/lib64]
  collapse library dir [/usr/lib/gcc/x86_64-linux-gnu/9/../../..] ==> [/usr/lib]
  collapse library dir [/glob/development-tools/versions/oneapi/2023.2.0.1/oneapi/compiler/2023.2.1/linux/bin-llvm/../lib] ==> [/glob/development-tools/versions/oneapi/2023.2.0.1/oneapi/compiler/2023.2.1/linux/lib]
  collapse library dir [/lib] ==> [/lib]
  collapse library dir [/usr/lib] ==> [/usr/lib]
  collapse library dir [/glob/development-tools/versions/oneapi/2023.2.0.1/oneapi/tbb/2021.10.0/env/../lib/intel64/gcc4.8] ==> [/glob/development-tools/versions/oneapi/2023.2.0.1/oneapi/tbb/2021.10.0/lib/intel64/gcc4.8]
  collapse library dir [/glob/development-tools/versions/oneapi/2023.2.0.1/oneapi/mpi/2021.10.0//libfabric/lib] ==> [/glob/development-tools/versions/oneapi/2023.2.0.1/oneapi/mpi/2021.10.0/libfabric/lib]
  collapse library dir [/glob/development-tools/versions/oneapi/2023.2.0.1/oneapi/mpi/2021.10.0//lib/release] ==> [/glob/development-tools/versions/oneapi/2023.2.0.1/oneapi/mpi/2021.10.0/lib/release]
  collapse library dir [/glob/development-tools/versions/oneapi/2023.2.0.1/oneapi/mpi/2021.10.0//lib] ==> [/glob/development-tools/versions/oneapi/2023.2.0.1/oneapi/mpi/2021.10.0/lib]
  collapse library dir [/glob/development-tools/versions/oneapi/2023.2.0.1/oneapi/mkl/2023.2.0/lib/intel64] ==> [/glob/development-tools/versions/oneapi/2023.2.0.1/oneapi/mkl/2023.2.0/lib/intel64]
  collapse library dir [/glob/development-tools/versions/oneapi/2023.2.0.1/oneapi/ipp/2021.9.0/lib/intel64] ==> [/glob/development-tools/versions/oneapi/2023.2.0.1/oneapi/ipp/2021.9.0/lib/intel64]
  collapse library dir [/glob/development-tools/versions/oneapi/2023.2.0.1/oneapi/ippcp/2021.8.0/lib/intel64] ==> [/glob/development-tools/versions/oneapi/2023.2.0.1/oneapi/ippcp/2021.8.0/lib/intel64]
  collapse library dir [/glob/development-tools/versions/oneapi/2023.2.0.1/oneapi/ipp/2021.9.0/lib/intel64] ==> [/glob/development-tools/versions/oneapi/2023.2.0.1/oneapi/ipp/2021.9.0/lib/intel64]
  collapse library dir [/glob/development-tools/versions/oneapi/2023.2.0.1/oneapi/dnnl/2023.2.0/cpu_dpcpp_gpu_dpcpp/lib] ==> [/glob/development-tools/versions/oneapi/2023.2.0.1/oneapi/dnnl/2023.2.0/cpu_dpcpp_gpu_dpcpp/lib]
  collapse library dir [/glob/development-tools/versions/oneapi/2023.2.0.1/oneapi/dal/2023.2.0/lib/intel64] ==> [/glob/development-tools/versions/oneapi/2023.2.0.1/oneapi/dal/2023.2.0/lib/intel64]
  collapse library dir [/glob/development-tools/versions/oneapi/2023.2.0.1/oneapi/compiler/2023.2.1/linux/compiler/lib/intel64_lin] ==> [/glob/development-tools/versions/oneapi/2023.2.0.1/oneapi/compiler/2023.2.1/linux/compiler/lib/intel64_lin]
  collapse library dir [/glob/development-tools/versions/oneapi/2023.2.0.1/oneapi/compiler/2023.2.1/linux/lib] ==> [/glob/development-tools/versions/oneapi/2023.2.0.1/oneapi/compiler/2023.2.1/linux/lib]
  collapse library dir [/glob/development-tools/versions/oneapi/2023.2.0.1/oneapi/ccl/2021.10.0/lib/cpu_gpu_dpcpp] ==> [/glob/development-tools/versions/oneapi/2023.2.0.1/oneapi/ccl/2021.10.0/lib/cpu_gpu_dpcpp]
  implicit libs: [svml;irng;stdc++;imf;m;gcc_s;gcc;irc;dl;gcc_s;gcc;c;gcc_s;gcc;irc_s]
  implicit dirs: [/glob/development-tools/versions/oneapi/2023.2.0.1/oneapi/compiler/2023.2.1/linux/compiler/lib/intel64_lin;/glob/development-tools/versions/oneapi/2023.2.0.1/oneapi/compiler/2023.2.1/linux/lib;/usr/lib/gcc/x86_64-linux-gnu/9;/usr/lib64;/lib/x86_64-linux-gnu;/lib64;/usr/lib/x86_64-linux-gnu;/usr/lib;/lib;/glob/development-tools/versions/oneapi/2023.2.0.1/oneapi/tbb/2021.10.0/lib/intel64/gcc4.8;/glob/development-tools/versions/oneapi/2023.2.0.1/oneapi/mpi/2021.10.0/libfabric/lib;/glob/development-tools/versions/oneapi/2023.2.0.1/oneapi/mpi/2021.10.0/lib/release;/glob/development-tools/versions/oneapi/2023.2.0.1/oneapi/mpi/2021.10.0/lib;/glob/development-tools/versions/oneapi/2023.2.0.1/oneapi/mkl/2023.2.0/lib/intel64;/glob/development-tools/versions/oneapi/2023.2.0.1/oneapi/ipp/2021.9.0/lib/intel64;/glob/development-tools/versions/oneapi/2023.2.0.1/oneapi/ippcp/2021.8.0/lib/intel64;/glob/development-tools/versions/oneapi/2023.2.0.1/oneapi/dnnl/2023.2.0/cpu_dpcpp_gpu_dpcpp/lib;/glob/development-tools/versions/oneapi/2023.2.0.1/oneapi/dal/2023.2.0/lib/intel64;/glob/development-tools/versions/oneapi/2023.2.0.1/oneapi/ccl/2021.10.0/lib/cpu_gpu_dpcpp]
  implicit fwks: []


